This is a Directory
dir: carc35

This is a Directory
dir: cs2750

This is a File
file: /accounts/students/c/carc35/cs2750/p1.out ASCII text
filesize: 4.0K /accounts/students/c/carc35/cs2750/p1.out

You have reached the end of this directory

This file is Unknown: carc35cs2750

This is a File
file: /accounts/students/c/carc35/cs2750/proj1 Bourne-Again shell script, ASCII text executable
filesize: 4.0K /accounts/students/c/carc35/cs2750/proj1

You have reached the end of this directory

This file is Unknown: carc35cs2750

This is a File
file: /accounts/students/c/carc35/cs2750/proj1.sh Bourne-Again shell script, ASCII text executable
filesize: 4.0K /accounts/students/c/carc35/cs2750/proj1.sh

You have reached the end of this directory

This file is Unknown: carc35cs2750

This file is Unknown: carc35

